2015-05-12 16:05:44,762 - rootLogger - INFO - All Excel Files Initialised successfully.
2015-05-12 16:05:44,767 - rootLogger - INFO - Param.properties file loaded successfully.
2015-05-12 16:05:44,769 - rootLogger - INFO - Objects.properties file loaded successfully.
2015-05-12 16:05:44,769 - rootLogger - INFO - Execution started for SuiteOneBase.
2015-05-12 16:05:44,884 - rootLogger - INFO - All Excel Files Initialised successfully.
2015-05-12 16:05:44,887 - rootLogger - INFO - Param.properties file loaded successfully.
2015-05-12 16:05:44,887 - rootLogger - INFO - Objects.properties file loaded successfully.
2015-05-12 16:05:44,887 - rootLogger - INFO - LoginCaseOne : Execution started.
2015-05-12 16:05:55,357 - rootLogger - INFO - Firefox Driver Instance loaded successfully.
2015-05-13 15:51:33,836 - rootLogger - INFO - All Excel Files Initialised successfully.
2015-05-13 15:51:33,852 - rootLogger - INFO - Param.properties file loaded successfully.
2015-05-13 15:51:33,852 - rootLogger - INFO - Objects.properties file loaded successfully.
2015-05-13 15:51:33,852 - rootLogger - INFO - Execution started for SuiteOneBase.
2015-05-13 15:51:33,915 - rootLogger - INFO - All Excel Files Initialised successfully.
2015-05-13 15:51:33,915 - rootLogger - INFO - Param.properties file loaded successfully.
2015-05-13 15:51:33,915 - rootLogger - INFO - Objects.properties file loaded successfully.
2015-05-13 15:51:33,915 - rootLogger - INFO - LoginCaseOne : Execution started.
2015-05-13 15:51:40,117 - rootLogger - INFO - Firefox Driver Instance loaded successfully.
2015-05-13 15:51:56,388 - rootLogger - INFO - LoginCaseOne : Reporting test data set line 1 as PASS In excel.
2015-05-13 15:51:56,529 - rootLogger - INFO - LoginCaseOne : DataToRun = N for data set line 2 So skipping Its execution.
2015-05-13 15:51:56,545 - rootLogger - INFO - LoginCaseOne : Reporting test data set line 2 as SKIP In excel.
2015-05-13 15:51:56,638 - rootLogger - INFO - LoginCaseOne : Reporting test case as PASS In excel.
2015-05-13 15:51:56,701 - rootLogger - INFO - All Excel Files Initialised successfully.
2015-05-13 15:51:56,701 - rootLogger - INFO - Param.properties file loaded successfully.
2015-05-13 15:51:56,701 - rootLogger - INFO - Objects.properties file loaded successfully.
2015-05-13 15:52:02,120 - rootLogger - INFO - Firefox Driver Instance loaded successfully.
2015-05-13 15:52:20,950 - rootLogger - INFO - Firefox Driver Instance loaded successfully.
2015-05-13 15:52:31,851 - rootLogger - INFO - All Excel Files Initialised successfully.
2015-05-13 15:52:31,851 - rootLogger - INFO - Param.properties file loaded successfully.
2015-05-13 15:52:31,851 - rootLogger - INFO - Objects.properties file loaded successfully.
2015-05-13 15:52:31,866 - rootLogger - INFO - All Excel Files Initialised successfully.
2015-05-13 15:52:31,882 - rootLogger - INFO - Param.properties file loaded successfully.
2015-05-13 15:52:31,882 - rootLogger - INFO - Objects.properties file loaded successfully.
2015-05-13 15:52:38,155 - rootLogger - INFO - Firefox Driver Instance loaded successfully.
2015-06-15 14:40:51,689 - rootLogger - INFO - All Excel Files Initialised successfully.
2015-06-15 14:40:51,699 - rootLogger - INFO - Param.properties file loaded successfully.
2015-06-15 14:40:51,699 - rootLogger - INFO - Objects.properties file loaded successfully.
2015-06-15 14:40:51,699 - rootLogger - INFO - Execution started for SuiteOneBase.
2015-06-15 14:40:51,759 - rootLogger - INFO - All Excel Files Initialised successfully.
2015-06-15 14:40:51,759 - rootLogger - INFO - Param.properties file loaded successfully.
2015-06-15 14:40:51,759 - rootLogger - INFO - Objects.properties file loaded successfully.
2015-06-15 14:40:51,879 - rootLogger - INFO - All Excel Files Initialised successfully.
2015-06-15 14:40:51,879 - rootLogger - INFO - Param.properties file loaded successfully.
2015-06-15 14:40:51,879 - rootLogger - INFO - Objects.properties file loaded successfully.
2015-06-15 14:40:51,879 - rootLogger - INFO - LoginCaseOne : Execution started.
2015-06-15 14:40:59,776 - rootLogger - INFO - Firefox Driver Instance loaded successfully.
2015-06-15 14:41:09,608 - rootLogger - INFO - LoginCaseOne : Reporting test data set line 1 as PASS In excel.
2015-06-15 14:41:09,759 - rootLogger - INFO - LoginCaseOne : DataToRun = N for data set line 2 So skipping Its execution.
2015-06-15 14:41:09,769 - rootLogger - INFO - LoginCaseOne : Reporting test data set line 2 as SKIP In excel.
2015-06-15 14:41:09,879 - rootLogger - INFO - LoginCaseOne : Reporting test case as PASS In excel.
2015-06-15 14:41:09,949 - rootLogger - INFO - All Excel Files Initialised successfully.
2015-06-15 14:41:09,959 - rootLogger - INFO - Param.properties file loaded successfully.
2015-06-15 14:41:09,959 - rootLogger - INFO - Objects.properties file loaded successfully.
2015-06-15 14:41:17,335 - rootLogger - INFO - Firefox Driver Instance loaded successfully.
2015-06-15 14:41:33,751 - rootLogger - INFO - Firefox Driver Instance loaded successfully.
2015-06-15 14:41:44,513 - rootLogger - INFO - All Excel Files Initialised successfully.
2015-06-15 14:41:44,523 - rootLogger - INFO - Param.properties file loaded successfully.
2015-06-15 14:41:44,524 - rootLogger - INFO - Objects.properties file loaded successfully.
2015-06-15 14:41:51,912 - rootLogger - INFO - Firefox Driver Instance loaded successfully.
2015-07-13 16:44:20,988 - rootLogger - INFO - All Excel Files Initialised successfully.
2015-07-13 16:44:20,998 - rootLogger - INFO - Param.properties file loaded successfully.
2015-07-13 16:44:21,008 - rootLogger - INFO - Objects.properties file loaded successfully.
2015-07-13 16:44:21,008 - rootLogger - INFO - Execution started for SuiteOneBase.
2015-07-13 16:44:21,118 - rootLogger - INFO - All Excel Files Initialised successfully.
2015-07-13 16:44:21,118 - rootLogger - INFO - Param.properties file loaded successfully.
2015-07-13 16:44:21,128 - rootLogger - INFO - Objects.properties file loaded successfully.
2015-07-13 16:44:21,128 - rootLogger - INFO - LoginCaseOne : Execution started.
2015-07-13 16:44:21,248 - rootLogger - INFO - LoginCaseOne : Reporting test data set line 1 as PASS In excel.
2015-07-13 16:45:30,957 - rootLogger - INFO - All Excel Files Initialised successfully.
2015-07-13 16:45:30,967 - rootLogger - INFO - Param.properties file loaded successfully.
2015-07-13 16:45:30,977 - rootLogger - INFO - Objects.properties file loaded successfully.
2015-07-13 16:45:30,977 - rootLogger - INFO - Execution started for SuiteOneBase.
2015-07-13 16:45:31,047 - rootLogger - INFO - All Excel Files Initialised successfully.
2015-07-13 16:45:31,057 - rootLogger - INFO - Param.properties file loaded successfully.
2015-07-13 16:45:31,057 - rootLogger - INFO - Objects.properties file loaded successfully.
2015-07-13 16:45:31,057 - rootLogger - INFO - LoginCaseOne : Execution started.
2015-07-13 16:45:31,167 - rootLogger - INFO - LoginCaseOne : Reporting test data set line 1 as PASS In excel.
2015-07-13 16:45:31,177 - rootLogger - INFO - LoginCaseOne : DataToRun = N for data set line 2 So skipping Its execution.
2015-07-13 16:45:31,177 - rootLogger - INFO - LoginCaseOne : Reporting test data set line 2 as SKIP In excel.
2015-07-13 16:45:31,197 - rootLogger - INFO - LoginCaseOne : Reporting test case as PASS In excel.
2015-07-13 16:46:25,325 - rootLogger - INFO - All Excel Files Initialised successfully.
2015-07-13 16:46:25,335 - rootLogger - INFO - Param.properties file loaded successfully.
2015-07-13 16:46:25,335 - rootLogger - INFO - Objects.properties file loaded successfully.
2015-07-13 16:46:25,335 - rootLogger - INFO - Execution started for SuiteOneBase.
2015-07-13 16:46:25,426 - rootLogger - INFO - All Excel Files Initialised successfully.
2015-07-13 16:46:25,436 - rootLogger - INFO - Param.properties file loaded successfully.
2015-07-13 16:46:25,436 - rootLogger - INFO - Objects.properties file loaded successfully.
2015-07-13 16:46:25,436 - rootLogger - INFO - LoginCaseOne : Execution started.
2015-07-13 16:46:25,568 - rootLogger - INFO - LoginCaseOne : Reporting test data set line 1 as PASS In excel.
2015-07-13 16:46:25,608 - rootLogger - INFO - LoginCaseOne : DataToRun = N for data set line 2 So skipping Its execution.
2015-07-13 16:46:25,618 - rootLogger - INFO - LoginCaseOne : Reporting test data set line 2 as SKIP In excel.
2015-07-13 16:46:25,628 - rootLogger - INFO - LoginCaseOne : Reporting test case as PASS In excel.
2015-07-13 16:46:25,708 - rootLogger - INFO - All Excel Files Initialised successfully.
2015-07-13 16:46:25,718 - rootLogger - INFO - Param.properties file loaded successfully.
2015-07-13 16:46:25,718 - rootLogger - INFO - Objects.properties file loaded successfully.
2015-07-13 16:46:26,008 - rootLogger - INFO - All Excel Files Initialised successfully.
2015-07-13 16:46:26,008 - rootLogger - INFO - Param.properties file loaded successfully.
2015-07-13 16:46:26,018 - rootLogger - INFO - Objects.properties file loaded successfully.
2015-07-13 16:46:26,038 - rootLogger - INFO - All Excel Files Initialised successfully.
2015-07-13 16:46:26,038 - rootLogger - INFO - Param.properties file loaded successfully.
2015-07-13 16:46:26,048 - rootLogger - INFO - Objects.properties file loaded successfully.
2015-07-13 16:49:55,185 - rootLogger - INFO - All Excel Files Initialised successfully.
2015-07-13 16:49:55,195 - rootLogger - INFO - Param.properties file loaded successfully.
2015-07-13 16:49:55,195 - rootLogger - INFO - Objects.properties file loaded successfully.
2015-07-13 16:49:55,195 - rootLogger - INFO - Execution started for SuiteOneBase.
2015-07-13 16:49:55,275 - rootLogger - INFO - All Excel Files Initialised successfully.
2015-07-13 16:49:55,275 - rootLogger - INFO - Param.properties file loaded successfully.
2015-07-13 16:49:55,275 - rootLogger - INFO - Objects.properties file loaded successfully.
2015-07-13 16:49:55,275 - rootLogger - INFO - LoginCaseOne : Execution started.
2015-07-13 16:49:55,405 - rootLogger - INFO - LoginCaseOne : Reporting test data set line 1 as PASS In excel.
2015-07-13 16:49:55,525 - rootLogger - INFO - All Excel Files Initialised successfully.
2015-07-13 16:49:55,535 - rootLogger - INFO - Param.properties file loaded successfully.
2015-07-13 16:49:55,535 - rootLogger - INFO - Objects.properties file loaded successfully.
2015-07-13 16:50:55,622 - rootLogger - INFO - All Excel Files Initialised successfully.
2015-07-13 16:50:55,632 - rootLogger - INFO - Param.properties file loaded successfully.
2015-07-13 16:50:55,642 - rootLogger - INFO - Objects.properties file loaded successfully.
2015-07-13 16:50:55,642 - rootLogger - INFO - Execution started for SuiteOneBase.
2015-07-13 16:50:55,712 - rootLogger - INFO - All Excel Files Initialised successfully.
2015-07-13 16:50:55,722 - rootLogger - INFO - Param.properties file loaded successfully.
2015-07-13 16:50:55,722 - rootLogger - INFO - Objects.properties file loaded successfully.
2015-07-13 16:50:55,722 - rootLogger - INFO - LoginCaseOne : Execution started.
2015-07-13 16:55:07,473 - rootLogger - INFO - All Excel Files Initialised successfully.
2015-07-13 16:55:07,483 - rootLogger - INFO - Param.properties file loaded successfully.
2015-07-13 16:55:07,493 - rootLogger - INFO - Objects.properties file loaded successfully.
2015-07-13 16:55:07,493 - rootLogger - INFO - Execution started for SuiteOneBase.
2015-07-13 16:55:07,573 - rootLogger - INFO - All Excel Files Initialised successfully.
2015-07-13 16:55:07,573 - rootLogger - INFO - Param.properties file loaded successfully.
2015-07-13 16:55:07,574 - rootLogger - INFO - Objects.properties file loaded successfully.
2015-07-13 16:55:07,574 - rootLogger - INFO - LoginCaseOne : Execution started.
